<?xml version="1.0" encoding="UTF-8"?>
<testng-results ignored="0" total="1" passed="1" failed="0" skipped="0">
  <reporter-output>
  </reporter-output>
  <suite started-at="2022-09-08T14:16:26 IST" name="Default suite" finished-at="2022-09-08T14:16:29 IST" duration-ms="2065">
    <groups>
    </groups>
    <test started-at="2022-09-08T14:16:26 IST" name="Default test" finished-at="2022-09-08T14:16:29 IST" duration-ms="2065">
      <class name="com.authenticationAndAuthorization.BasicDigestiveAuth">
        <test-method signature="basicDigestiveAuth()[pri:0, instance:com.authenticationAndAuthorization.BasicDigestiveAuth@7c711375]" started-at="2022-09-08T14:16:27 IST" name="basicDigestiveAuth" finished-at="2022-09-08T14:16:29 IST" duration-ms="2013" status="PASS">
          <reporter-output>
          </reporter-output>
        </test-method> <!-- basicDigestiveAuth -->
      </class> <!-- com.authenticationAndAuthorization.BasicDigestiveAuth -->
    </test> <!-- Default test -->
  </suite> <!-- Default suite -->
</testng-results>
